<?xml version="1.0" encoding="UTF-8"?>
<coverage generated="1547839962224" clover="3.2.0">
  <project timestamp="1547839962224" name="All files">
    <metrics statements="3" coveredstatements="3" conditionals="0" coveredconditionals="0" methods="1" coveredmethods="1" elements="4" coveredelements="4" complexity="0" loc="3" ncloc="3" packages="1" files="1" classes="1">
      <file name="math-application.ts" path="/mnt/c/Users/New/iCloudDrive/Documents/Work/Revature_Training/Unit-Testing/src/math-application.ts">
        <metrics statements="3" coveredstatements="3" conditionals="0" coveredconditionals="0" methods="1" coveredmethods="1"/>
        <line num="1" count="1" type="stmt"/>
        <line num="3" count="1" type="stmt"/>
        <line num="4" count="2" type="stmt"/>
      </file>
    </metrics>
  </project>
</coverage>
