{"/mnt/c/Users/New/iCloudDrive/Documents/Work/Revature_Training/Unit-Testing/src/math-application.ts": {"path":"/mnt/c/Users/New/iCloudDrive/Documents/Work/Revature_Training/Unit-Testing/src/math-application.ts","statementMap":{"0":{"start":{"line":1,"column":0},"end":{"line":1,"column":44}},"1":{"start":{"line":4,"column":4},"end":{"line":4,"column":42}},"2":{"start":{"line":3,"column":0},"end":{"line":5,"column":1}}},"fnMap":{"0":{"name":"doMath","decl":{"start":{"line":3,"column":16},"end":{"line":3,"column":22}},"loc":{"start":{"line":3,"column":38},"end":{"line":5,"column":1}}}},"branchMap":{},"s":{"0":1,"1":2,"2":1},"f":{"0":2},"b":{}}
}
